<?xml version="1.0" encoding="UTF-8"?>
<testng-results ignored="0" total="1" passed="1" failed="0" skipped="0">
  <reporter-output>
  </reporter-output>
  <suite started-at="2021-09-03T19:52:22 IST" name="Default suite" finished-at="2021-09-03T19:52:22 IST" duration-ms="97">
    <groups>
    </groups>
    <test started-at="2021-09-03T19:52:22 IST" name="Default test" finished-at="2021-09-03T19:52:22 IST" duration-ms="97">
      <class name="TestScripts.TestNGExample">
        <test-method signature="testngexamplee()[pri:0, instance:TestScripts.TestNGExample@5939a379]" started-at="2021-09-03T19:52:22 IST" name="testngexamplee" finished-at="2021-09-03T19:52:22 IST" duration-ms="19" status="PASS">
          <reporter-output>
          </reporter-output>
        </test-method> <!-- testngexamplee -->
      </class> <!-- TestScripts.TestNGExample -->
    </test> <!-- Default test -->
  </suite> <!-- Default suite -->
</testng-results>
